[1.012s] DEBUG:colcon:Command line arguments: ['/usr/bin/colcon', 'build', '--packages-select', 'my_bt_test']
[1.012s] DEBUG:colcon:Parsed command line arguments: Namespace(log_base=None, log_level=None, verb_name='build', build_base='build', install_base='install', merge_install=False, symlink_install=False, test_result_base=None, continue_on_error=False, executor='parallel', parallel_workers=8, event_handlers=None, ignore_user_meta=False, metas=['./colcon.meta'], base_paths=['.'], packages_ignore=None, packages_ignore_regex=None, paths=None, packages_up_to=None, packages_up_to_regex=None, packages_above=None, packages_above_and_dependencies=None, packages_above_depth=None, packages_select_by_dep=None, packages_skip_by_dep=None, packages_skip_up_to=None, packages_select_build_failed=False, packages_skip_build_finished=False, packages_select_test_failures=False, packages_skip_test_passed=False, packages_select=['my_bt_test'], packages_skip=None, packages_select_regex=None, packages_skip_regex=None, packages_start=None, packages_end=None, allow_overriding=[], cmake_args=None, cmake_target=None, cmake_target_skip_unavailable=False, cmake_clean_cache=False, cmake_clean_first=False, cmake_force_configure=False, ament_cmake_args=None, catkin_cmake_args=None, catkin_skip_building_tests=False, mixin_files=None, mixin=None, verb_parser=<colcon_mixin.mixin.mixin_argument.MixinArgumentDecorator object at 0x7d290fbee140>, verb_extension=<colcon_core.verb.build.BuildVerb object at 0x7d290fbedb70>, main=<bound method BuildVerb.main of <colcon_core.verb.build.BuildVerb object at 0x7d290fbedb70>>, mixin_verb=('build',))
[2.253s] Level 1:colcon.colcon_core.package_discovery:discover_packages(colcon_meta) check parameters
[2.254s] Level 1:colcon.colcon_core.package_discovery:discover_packages(recursive) check parameters
[2.254s] Level 1:colcon.colcon_core.package_discovery:discover_packages(ignore) check parameters
[2.254s] Level 1:colcon.colcon_core.package_discovery:discover_packages(path) check parameters
[2.254s] Level 1:colcon.colcon_core.package_discovery:discover_packages(colcon_meta) discover
[2.254s] Level 1:colcon.colcon_core.package_discovery:discover_packages(recursive) discover
[2.254s] INFO:colcon.colcon_core.package_discovery:Crawling recursively for packages in '/home/alban/bluetooth-test'
[2.254s] Level 1:colcon.colcon_core.package_identification:_identify(.) by extensions ['ignore', 'ignore_ament_install']
[2.254s] Level 1:colcon.colcon_core.package_identification:_identify(.) by extension 'ignore'
[2.254s] Level 1:colcon.colcon_core.package_identification:_identify(.) by extension 'ignore_ament_install'
[2.254s] Level 1:colcon.colcon_core.package_identification:_identify(.) by extensions ['colcon_pkg']
[2.254s] Level 1:colcon.colcon_core.package_identification:_identify(.) by extension 'colcon_pkg'
[2.254s] Level 1:colcon.colcon_core.package_identification:_identify(.) by extensions ['colcon_meta']
[2.254s] Level 1:colcon.colcon_core.package_identification:_identify(.) by extension 'colcon_meta'
[2.255s] Level 1:colcon.colcon_core.package_identification:_identify(.) by extensions ['ros']
[2.255s] Level 1:colcon.colcon_core.package_identification:_identify(.) by extension 'ros'
[2.272s] Level 1:colcon.colcon_core.package_identification:_identify(.) by extensions ['cmake', 'python']
[2.272s] Level 1:colcon.colcon_core.package_identification:_identify(.) by extension 'cmake'
[2.272s] Level 1:colcon.colcon_core.package_identification:_identify(.) by extension 'python'
[2.272s] Level 1:colcon.colcon_core.package_identification:_identify(.) by extensions ['python_setup_py']
[2.272s] Level 1:colcon.colcon_core.package_identification:_identify(.) by extension 'python_setup_py'
[2.272s] Level 1:colcon.colcon_core.package_identification:_identify(build) by extensions ['ignore', 'ignore_ament_install']
[2.272s] Level 1:colcon.colcon_core.package_identification:_identify(build) by extension 'ignore'
[2.272s] Level 1:colcon.colcon_core.package_identification:_identify(build) ignored
[2.272s] Level 1:colcon.colcon_core.package_identification:_identify(install) by extensions ['ignore', 'ignore_ament_install']
[2.273s] Level 1:colcon.colcon_core.package_identification:_identify(install) by extension 'ignore'
[2.273s] Level 1:colcon.colcon_core.package_identification:_identify(install) ignored
[2.273s] Level 1:colcon.colcon_core.package_identification:_identify(log) by extensions ['ignore', 'ignore_ament_install']
[2.273s] Level 1:colcon.colcon_core.package_identification:_identify(log) by extension 'ignore'
[2.273s] Level 1:colcon.colcon_core.package_identification:_identify(log) ignored
[2.273s] Level 1:colcon.colcon_core.package_identification:_identify(src) by extensions ['ignore', 'ignore_ament_install']
[2.273s] Level 1:colcon.colcon_core.package_identification:_identify(src) by extension 'ignore'
[2.273s] Level 1:colcon.colcon_core.package_identification:_identify(src) by extension 'ignore_ament_install'
[2.274s] Level 1:colcon.colcon_core.package_identification:_identify(src) by extensions ['colcon_pkg']
[2.274s] Level 1:colcon.colcon_core.package_identification:_identify(src) by extension 'colcon_pkg'
[2.274s] Level 1:colcon.colcon_core.package_identification:_identify(src) by extensions ['colcon_meta']
[2.274s] Level 1:colcon.colcon_core.package_identification:_identify(src) by extension 'colcon_meta'
[2.274s] Level 1:colcon.colcon_core.package_identification:_identify(src) by extensions ['ros']
[2.274s] Level 1:colcon.colcon_core.package_identification:_identify(src) by extension 'ros'
[2.274s] Level 1:colcon.colcon_core.package_identification:_identify(src) by extensions ['cmake', 'python']
[2.274s] Level 1:colcon.colcon_core.package_identification:_identify(src) by extension 'cmake'
[2.274s] Level 1:colcon.colcon_core.package_identification:_identify(src) by extension 'python'
[2.274s] Level 1:colcon.colcon_core.package_identification:_identify(src) by extensions ['python_setup_py']
[2.274s] Level 1:colcon.colcon_core.package_identification:_identify(src) by extension 'python_setup_py'
[2.274s] Level 1:colcon.colcon_core.package_identification:_identify(src/my_bt_test) by extensions ['ignore', 'ignore_ament_install']
[2.274s] Level 1:colcon.colcon_core.package_identification:_identify(src/my_bt_test) by extension 'ignore'
[2.274s] Level 1:colcon.colcon_core.package_identification:_identify(src/my_bt_test) by extension 'ignore_ament_install'
[2.274s] Level 1:colcon.colcon_core.package_identification:_identify(src/my_bt_test) by extensions ['colcon_pkg']
[2.274s] Level 1:colcon.colcon_core.package_identification:_identify(src/my_bt_test) by extension 'colcon_pkg'
[2.274s] Level 1:colcon.colcon_core.package_identification:_identify(src/my_bt_test) by extensions ['colcon_meta']
[2.275s] Level 1:colcon.colcon_core.package_identification:_identify(src/my_bt_test) by extension 'colcon_meta'
[2.275s] Level 1:colcon.colcon_core.package_identification:_identify(src/my_bt_test) by extensions ['ros']
[2.275s] Level 1:colcon.colcon_core.package_identification:_identify(src/my_bt_test) by extension 'ros'
[2.288s] DEBUG:colcon.colcon_core.package_identification:Package 'src/my_bt_test' with type 'ros.ament_python' and name 'my_bt_test'
[2.288s] Level 1:colcon.colcon_core.package_discovery:discover_packages(recursive) using defaults
[2.288s] Level 1:colcon.colcon_core.package_discovery:discover_packages(ignore) discover
[2.288s] Level 1:colcon.colcon_core.package_discovery:discover_packages(ignore) using defaults
[2.288s] Level 1:colcon.colcon_core.package_discovery:discover_packages(path) discover
[2.288s] Level 1:colcon.colcon_core.package_discovery:discover_packages(path) using defaults
[2.380s] Level 1:colcon.colcon_core.package_discovery:discover_packages(prefix_path) check parameters
[2.380s] Level 1:colcon.colcon_core.package_discovery:discover_packages(prefix_path) discover
[2.411s] DEBUG:colcon.colcon_installed_package_information.package_discovery:Found 16 installed packages in /home/alban/SaiNSOR/sainsor_core/install
[2.415s] DEBUG:colcon.colcon_installed_package_information.package_discovery:Found 270 installed packages in /opt/ros/humble
[2.417s] Level 1:colcon.colcon_core.package_discovery:discover_packages(prefix_path) using defaults
[2.703s] Level 5:colcon.colcon_core.verb:set package 'my_bt_test' build argument 'cmake_args' from command line to 'None'
[2.703s] Level 5:colcon.colcon_core.verb:set package 'my_bt_test' build argument 'cmake_target' from command line to 'None'
[2.703s] Level 5:colcon.colcon_core.verb:set package 'my_bt_test' build argument 'cmake_target_skip_unavailable' from command line to 'False'
[2.703s] Level 5:colcon.colcon_core.verb:set package 'my_bt_test' build argument 'cmake_clean_cache' from command line to 'False'
[2.703s] Level 5:colcon.colcon_core.verb:set package 'my_bt_test' build argument 'cmake_clean_first' from command line to 'False'
[2.703s] Level 5:colcon.colcon_core.verb:set package 'my_bt_test' build argument 'cmake_force_configure' from command line to 'False'
[2.703s] Level 5:colcon.colcon_core.verb:set package 'my_bt_test' build argument 'ament_cmake_args' from command line to 'None'
[2.703s] Level 5:colcon.colcon_core.verb:set package 'my_bt_test' build argument 'catkin_cmake_args' from command line to 'None'
[2.703s] Level 5:colcon.colcon_core.verb:set package 'my_bt_test' build argument 'catkin_skip_building_tests' from command line to 'False'
[2.703s] DEBUG:colcon.colcon_core.verb:Building package 'my_bt_test' with the following arguments: {'ament_cmake_args': None, 'build_base': '/home/alban/bluetooth-test/build/my_bt_test', 'catkin_cmake_args': None, 'catkin_skip_building_tests': False, 'cmake_args': None, 'cmake_clean_cache': False, 'cmake_clean_first': False, 'cmake_force_configure': False, 'cmake_target': None, 'cmake_target_skip_unavailable': False, 'install_base': '/home/alban/bluetooth-test/install/my_bt_test', 'merge_install': False, 'path': '/home/alban/bluetooth-test/src/my_bt_test', 'symlink_install': False, 'test_result_base': None}
[2.704s] INFO:colcon.colcon_core.executor:Executing jobs using 'parallel' executor
[2.707s] DEBUG:colcon.colcon_parallel_executor.executor.parallel:run_until_complete
[2.709s] INFO:colcon.colcon_ros.task.ament_python.build:Building ROS package in '/home/alban/bluetooth-test/src/my_bt_test' with build type 'ament_python'
[2.710s] Level 1:colcon.colcon_core.shell:create_environment_hook('my_bt_test', 'ament_prefix_path')
[2.732s] INFO:colcon.colcon_core.plugin_system:Skipping extension 'colcon_core.shell.bat': Not used on non-Windows systems
[2.733s] INFO:colcon.colcon_core.shell:Creating environment hook '/home/alban/bluetooth-test/install/my_bt_test/share/my_bt_test/hook/ament_prefix_path.ps1'
[2.749s] INFO:colcon.colcon_core.shell:Creating environment descriptor '/home/alban/bluetooth-test/install/my_bt_test/share/my_bt_test/hook/ament_prefix_path.dsv'
[2.752s] INFO:colcon.colcon_core.shell:Creating environment hook '/home/alban/bluetooth-test/install/my_bt_test/share/my_bt_test/hook/ament_prefix_path.sh'
[2.756s] INFO:colcon.colcon_core.shell:Skip shell extension 'powershell' for command environment: Not usable outside of PowerShell
[2.756s] DEBUG:colcon.colcon_core.shell:Skip shell extension 'dsv' for command environment
[3.723s] INFO:colcon.colcon_core.task.python.build:Building Python package in '/home/alban/bluetooth-test/src/my_bt_test'
[3.724s] INFO:colcon.colcon_core.shell:Skip shell extension 'powershell' for command environment: Not usable outside of PowerShell
[3.724s] DEBUG:colcon.colcon_core.shell:Skip shell extension 'dsv' for command environment
[5.492s] DEBUG:colcon.colcon_core.event_handler.log_command:Invoking command in '/home/alban/bluetooth-test/src/my_bt_test': PYTHONPATH=/home/alban/bluetooth-test/build/my_bt_test/prefix_override:/usr/lib/python3/dist-packages/colcon_core/task/python/colcon_distutils_commands:/home/alban/bluetooth-test/install/my_bt_test/lib/python3.10/site-packages:${PYTHONPATH} /usr/bin/python3 -W ignore:setup.py install is deprecated setup.py egg_info --egg-base ../../build/my_bt_test build --build-base /home/alban/bluetooth-test/build/my_bt_test/build install --record /home/alban/bluetooth-test/build/my_bt_test/install.log --single-version-externally-managed install_data
[6.181s] DEBUG:colcon.colcon_core.event_handler.log_command:Invoked command in '/home/alban/bluetooth-test/src/my_bt_test' returned '0': PYTHONPATH=/home/alban/bluetooth-test/build/my_bt_test/prefix_override:/usr/lib/python3/dist-packages/colcon_core/task/python/colcon_distutils_commands:/home/alban/bluetooth-test/install/my_bt_test/lib/python3.10/site-packages:${PYTHONPATH} /usr/bin/python3 -W ignore:setup.py install is deprecated setup.py egg_info --egg-base ../../build/my_bt_test build --build-base /home/alban/bluetooth-test/build/my_bt_test/build install --record /home/alban/bluetooth-test/build/my_bt_test/install.log --single-version-externally-managed install_data
[6.197s] Level 1:colcon.colcon_core.environment:checking '/home/alban/bluetooth-test/install/my_bt_test' for CMake module files
[6.198s] Level 1:colcon.colcon_core.environment:checking '/home/alban/bluetooth-test/install/my_bt_test' for CMake config files
[6.199s] Level 1:colcon.colcon_core.environment:checking '/home/alban/bluetooth-test/install/my_bt_test/lib'
[6.199s] Level 1:colcon.colcon_core.environment:checking '/home/alban/bluetooth-test/install/my_bt_test/bin'
[6.199s] Level 1:colcon.colcon_core.environment:checking '/home/alban/bluetooth-test/install/my_bt_test/lib/pkgconfig/my_bt_test.pc'
[6.200s] Level 1:colcon.colcon_core.environment:checking '/home/alban/bluetooth-test/install/my_bt_test/lib/python3.10/site-packages'
[6.200s] Level 1:colcon.colcon_core.shell:create_environment_hook('my_bt_test', 'pythonpath')
[6.200s] INFO:colcon.colcon_core.shell:Creating environment hook '/home/alban/bluetooth-test/install/my_bt_test/share/my_bt_test/hook/pythonpath.ps1'
[6.201s] INFO:colcon.colcon_core.shell:Creating environment descriptor '/home/alban/bluetooth-test/install/my_bt_test/share/my_bt_test/hook/pythonpath.dsv'
[6.202s] INFO:colcon.colcon_core.shell:Creating environment hook '/home/alban/bluetooth-test/install/my_bt_test/share/my_bt_test/hook/pythonpath.sh'
[6.203s] Level 1:colcon.colcon_core.environment:checking '/home/alban/bluetooth-test/install/my_bt_test/bin'
[6.203s] Level 1:colcon.colcon_core.environment:create_environment_scripts_only(my_bt_test)
[6.203s] INFO:colcon.colcon_core.shell:Creating package script '/home/alban/bluetooth-test/install/my_bt_test/share/my_bt_test/package.ps1'
[6.206s] INFO:colcon.colcon_core.shell:Creating package descriptor '/home/alban/bluetooth-test/install/my_bt_test/share/my_bt_test/package.dsv'
[6.209s] INFO:colcon.colcon_core.shell:Creating package script '/home/alban/bluetooth-test/install/my_bt_test/share/my_bt_test/package.sh'
[6.212s] INFO:colcon.colcon_core.shell:Creating package script '/home/alban/bluetooth-test/install/my_bt_test/share/my_bt_test/package.bash'
[6.214s] INFO:colcon.colcon_core.shell:Creating package script '/home/alban/bluetooth-test/install/my_bt_test/share/my_bt_test/package.zsh'
[6.216s] Level 1:colcon.colcon_core.environment:create_file_with_runtime_dependencies(/home/alban/bluetooth-test/install/my_bt_test/share/colcon-core/packages/my_bt_test)
[6.219s] DEBUG:colcon.colcon_parallel_executor.executor.parallel:closing loop
[6.219s] DEBUG:colcon.colcon_parallel_executor.executor.parallel:loop closed
[6.219s] DEBUG:colcon.colcon_parallel_executor.executor.parallel:run_until_complete finished with '0'
[6.219s] DEBUG:colcon.colcon_core.event_reactor:joining thread
[6.449s] INFO:colcon.colcon_core.plugin_system:Skipping extension 'colcon_notification.desktop_notification.notify_send': Could not find 'notify-send'
[6.449s] INFO:colcon.colcon_core.plugin_system:Skipping extension 'colcon_notification.desktop_notification.terminal_notifier': Not used on non-Darwin systems
[6.450s] INFO:colcon.colcon_core.plugin_system:Skipping extension 'colcon_notification.desktop_notification.win32': Not used on non-Windows systems
[6.450s] INFO:colcon.colcon_notification.desktop_notification:Sending desktop notification using 'notify2'
[6.451s] DEBUG:colcon.colcon_notification.desktop_notification.notify2:Failed to initialize notify2: org.freedesktop.DBus.Error.FileNotFound: Failed to connect to socket /run/user/1000/bus: No such file or directory
[6.451s] DEBUG:colcon.colcon_core.event_reactor:joined thread
[6.452s] INFO:colcon.colcon_core.shell:Creating prefix script '/home/alban/bluetooth-test/install/local_setup.ps1'
[6.459s] INFO:colcon.colcon_core.shell:Creating prefix util module '/home/alban/bluetooth-test/install/_local_setup_util_ps1.py'
[6.463s] INFO:colcon.colcon_core.shell:Creating prefix chain script '/home/alban/bluetooth-test/install/setup.ps1'
[6.466s] INFO:colcon.colcon_core.shell:Creating prefix script '/home/alban/bluetooth-test/install/local_setup.sh'
[6.469s] INFO:colcon.colcon_core.shell:Creating prefix util module '/home/alban/bluetooth-test/install/_local_setup_util_sh.py'
[6.470s] INFO:colcon.colcon_core.shell:Creating prefix chain script '/home/alban/bluetooth-test/install/setup.sh'
[6.473s] INFO:colcon.colcon_core.shell:Creating prefix script '/home/alban/bluetooth-test/install/local_setup.bash'
[6.475s] INFO:colcon.colcon_core.shell:Creating prefix chain script '/home/alban/bluetooth-test/install/setup.bash'
[6.478s] INFO:colcon.colcon_core.shell:Creating prefix script '/home/alban/bluetooth-test/install/local_setup.zsh'
[6.480s] INFO:colcon.colcon_core.shell:Creating prefix chain script '/home/alban/bluetooth-test/install/setup.zsh'
